<?xml version="1.0" encoding="UTF-8"?>
<testsuite name="RecordManagerTest" tests="3" skipped="0" failures="0" errors="0" timestamp="2020-03-06T03:45:18" hostname="DESKTOP-6H7NTLG" time="0.037">
  <properties/>
  <testcase name="parsing line returns correct record - pipe()" classname="RecordManagerTest" time="0.034"/>
  <testcase name="parsing line returns correct record - comma()" classname="RecordManagerTest" time="0.001"/>
  <testcase name="parsing line returns correct record - space()" classname="RecordManagerTest" time="0.001"/>
  <system-out><![CDATA[]]></system-out>
  <system-err><![CDATA[]]></system-err>
</testsuite>
