<?xml version="1.0" encoding="UTF-8"?>
<testsuite name="com.kolbesw.RecordManager.RecordManagerApplicationTests" tests="6" skipped="0" failures="0" errors="0" timestamp="2020-03-08T18:56:24" hostname="DESKTOP-6H7NTLG" time="0.06">
  <properties/>
  <testcase name="record service instantiated correctly()" classname="com.kolbesw.RecordManager.RecordManagerApplicationTests" time="0.023"/>
  <testcase name="returns correct sorted list - option 0()" classname="com.kolbesw.RecordManager.RecordManagerApplicationTests" time="0.016"/>
  <testcase name="returns correct sorted list - option 1()" classname="com.kolbesw.RecordManager.RecordManagerApplicationTests" time="0.003"/>
  <testcase name="returns correct sorted list - option 2()" classname="com.kolbesw.RecordManager.RecordManagerApplicationTests" time="0.004"/>
  <testcase name="addRecord()" classname="com.kolbesw.RecordManager.RecordManagerApplicationTests" time="0.002"/>
  <testcase name="adding new entry via rest()" classname="com.kolbesw.RecordManager.RecordManagerApplicationTests" time="0.002"/>
  <system-out><![CDATA[13:56:20.939 [Test worker] DEBUG org.springframework.test.context.BootstrapUtils - Instantiating CacheAwareContextLoaderDelegate from class [org.springframework.test.context.cache.DefaultCacheAwareContextLoaderDelegate]
13:56:20.953 [Test worker] DEBUG org.springframework.test.context.BootstrapUtils - Instantiating BootstrapContext using constructor [public org.springframework.test.context.support.DefaultBootstrapContext(java.lang.Class,org.springframework.test.context.CacheAwareContextLoaderDelegate)]
13:56:20.984 [Test worker] DEBUG org.springframework.test.context.BootstrapUtils - Instantiating TestContextBootstrapper for test class [com.kolbesw.RecordManager.RecordManagerApplicationTests] from class [org.springframework.boot.test.context.SpringBootTestContextBootstrapper]
13:56:21.003 [Test worker] INFO org.springframework.boot.test.context.SpringBootTestContextBootstrapper - Neither @ContextConfiguration nor @ContextHierarchy found for test class [com.kolbesw.RecordManager.RecordManagerApplicationTests], using SpringBootContextLoader
13:56:21.007 [Test worker] DEBUG org.springframework.test.context.support.AbstractContextLoader - Did not detect default resource location for test class [com.kolbesw.RecordManager.RecordManagerApplicationTests]: class path resource [com/kolbesw/RecordManager/RecordManagerApplicationTests-context.xml] does not exist
13:56:21.008 [Test worker] DEBUG org.springframework.test.context.support.AbstractContextLoader - Did not detect default resource location for test class [com.kolbesw.RecordManager.RecordManagerApplicationTests]: class path resource [com/kolbesw/RecordManager/RecordManagerApplicationTestsContext.groovy] does not exist
13:56:21.008 [Test worker] INFO org.springframework.test.context.support.AbstractContextLoader - Could not detect default resource locations for test class [com.kolbesw.RecordManager.RecordManagerApplicationTests]: no resource found for suffixes {-context.xml, Context.groovy}.
13:56:21.008 [Test worker] INFO org.springframework.test.context.support.AnnotationConfigContextLoaderUtils - Could not detect default configuration classes for test class [com.kolbesw.RecordManager.RecordManagerApplicationTests]: RecordManagerApplicationTests does not declare any static, non-private, non-final, nested classes annotated with @Configuration.
13:56:21.048 [Test worker] DEBUG org.springframework.test.context.support.ActiveProfilesUtils - Could not find an 'annotation declaring class' for annotation type [org.springframework.test.context.ActiveProfiles] and class [com.kolbesw.RecordManager.RecordManagerApplicationTests]
13:56:21.120 [Test worker] DEBUG org.springframework.context.annotation.ClassPathScanningCandidateComponentProvider - Identified candidate component class: file [D:\Users\Kolbe\Documents\GitHub\GR_Code_Project\RecordManager\build\classes\kotlin\main\com\kolbesw\RecordManager\RecordManagerApplication.class]
13:56:21.133 [Test worker] INFO org.springframework.boot.test.context.SpringBootTestContextBootstrapper - Found @SpringBootConfiguration com.kolbesw.RecordManager.RecordManagerApplication for test class com.kolbesw.RecordManager.RecordManagerApplicationTests
13:56:21.224 [Test worker] DEBUG org.springframework.boot.test.context.SpringBootTestContextBootstrapper - @TestExecutionListeners is not present for class [com.kolbesw.RecordManager.RecordManagerApplicationTests]: using defaults.
13:56:21.225 [Test worker] INFO org.springframework.boot.test.context.SpringBootTestContextBootstrapper - Loaded default TestExecutionListener class names from location [META-INF/spring.factories]: [org.springframework.boot.test.autoconfigure.restdocs.RestDocsTestExecutionListener, org.springframework.boot.test.autoconfigure.web.client.MockRestServiceServerResetTestExecutionListener, org.springframework.boot.test.autoconfigure.web.servlet.MockMvcPrintOnlyOnFailureTestExecutionListener, org.springframework.boot.test.autoconfigure.web.servlet.WebDriverTestExecutionListener, org.springframework.boot.test.mock.mockito.MockitoTestExecutionListener, org.springframework.boot.test.mock.mockito.ResetMocksTestExecutionListener, org.springframework.test.context.web.ServletTestExecutionListener, org.springframework.test.context.support.DirtiesContextBeforeModesTestExecutionListener, org.springframework.test.context.support.DependencyInjectionTestExecutionListener, org.springframework.test.context.support.DirtiesContextTestExecutionListener, org.springframework.test.context.transaction.TransactionalTestExecutionListener, org.springframework.test.context.jdbc.SqlScriptsTestExecutionListener, org.springframework.test.context.event.EventPublishingTestExecutionListener]
13:56:21.235 [Test worker] DEBUG org.springframework.boot.test.context.SpringBootTestContextBootstrapper - Skipping candidate TestExecutionListener [org.springframework.test.context.transaction.TransactionalTestExecutionListener] due to a missing dependency. Specify custom listener classes or make the default listener classes and their required dependencies available. Offending class: [org/springframework/transaction/interceptor/TransactionAttributeSource]
13:56:21.236 [Test worker] DEBUG org.springframework.boot.test.context.SpringBootTestContextBootstrapper - Skipping candidate TestExecutionListener [org.springframework.test.context.jdbc.SqlScriptsTestExecutionListener] due to a missing dependency. Specify custom listener classes or make the default listener classes and their required dependencies available. Offending class: [org/springframework/transaction/interceptor/TransactionAttribute]
13:56:21.236 [Test worker] INFO org.springframework.boot.test.context.SpringBootTestContextBootstrapper - Using TestExecutionListeners: [org.springframework.test.context.web.ServletTestExecutionListener@5614d6c4, org.springframework.test.context.support.DirtiesContextBeforeModesTestExecutionListener@331120c9, org.springframework.boot.test.mock.mockito.MockitoTestExecutionListener@35c6dabf, org.springframework.boot.test.autoconfigure.SpringBootDependencyInjectionTestExecutionListener@74b44c16, org.springframework.test.context.support.DirtiesContextTestExecutionListener@4e606b2, org.springframework.test.context.event.EventPublishingTestExecutionListener@3e4b798f, org.springframework.boot.test.autoconfigure.restdocs.RestDocsTestExecutionListener@3ddb5fdb, org.springframework.boot.test.autoconfigure.web.client.MockRestServiceServerResetTestExecutionListener@6b59708a, org.springframework.boot.test.autoconfigure.web.servlet.MockMvcPrintOnlyOnFailureTestExecutionListener@5fbe38c5, org.springframework.boot.test.autoconfigure.web.servlet.WebDriverTestExecutionListener@3adcb5bc, org.springframework.boot.test.mock.mockito.ResetMocksTestExecutionListener@5d1e00bb]
13:56:21.240 [Test worker] DEBUG org.springframework.test.context.support.AbstractDirtiesContextTestExecutionListener - Before test class: context [DefaultTestContext@4d41e2ea testClass = RecordManagerApplicationTests, testInstance = [null], testMethod = [null], testException = [null], mergedContextConfiguration = [WebMergedContextConfiguration@4a59d38a testClass = RecordManagerApplicationTests, locations = '{}', classes = '{class com.kolbesw.RecordManager.RecordManagerApplication}', contextInitializerClasses = '[]', activeProfiles = '{}', propertySourceLocations = '{}', propertySourceProperties = '{org.springframework.boot.test.context.SpringBootTestContextBootstrapper=true}', contextCustomizers = set[org.springframework.boot.test.autoconfigure.properties.PropertyMappingContextCustomizer@0, org.springframework.boot.test.autoconfigure.web.servlet.WebDriverContextCustomizerFactory$Customizer@647446c7, org.springframework.boot.test.context.filter.ExcludeFilterContextCustomizer@42961192, org.springframework.boot.test.json.DuplicateJsonObjectContextCustomizerFactory$DuplicateJsonObjectContextCustomizer@4083f886, org.springframework.boot.test.mock.mockito.MockitoContextCustomizer@0, org.springframework.boot.test.web.client.TestRestTemplateContextCustomizer@4704e215], resourceBasePath = 'src/main/webapp', contextLoader = 'org.springframework.boot.test.context.SpringBootContextLoader', parent = [null]], attributes = map['org.springframework.test.context.web.ServletTestExecutionListener.activateListener' -> true]], class annotated with @DirtiesContext [false] with mode [null].
13:56:22.125 [Test worker] DEBUG org.springframework.test.context.support.TestPropertySourceUtils - Adding inlined properties to environment: {spring.jmx.enabled=false, org.springframework.boot.test.context.SpringBootTestContextBootstrapper=true, server.port=-1}

  .   ____          _            __ _ _
 /\\ / ___'_ __ _ _(_)_ __  __ _ \ \ \ \
( ( )\___ | '_ | '_| | '_ \/ _` | \ \ \ \
 \\/  ___)| |_)| | | | | || (_| |  ) ) ) )
  '  |____| .__|_| |_|_| |_\__, | / / / /
 =========|_|==============|___/=/_/_/_/
 :: Spring Boot ::  (v2.3.0.BUILD-SNAPSHOT)

2020-03-08 13:56:22.509  INFO 15776 --- [    Test worker] c.k.R.RecordManagerApplicationTests      : Starting RecordManagerApplicationTests on DESKTOP-6H7NTLG with PID 15776 (started by Kolbe in D:\Users\Kolbe\Documents\GitHub\GR_Code_Project\RecordManager)
2020-03-08 13:56:22.511  INFO 15776 --- [    Test worker] c.k.R.RecordManagerApplicationTests      : No active profile set, falling back to default profiles: default
2020-03-08 13:56:23.752  INFO 15776 --- [    Test worker] o.s.s.concurrent.ThreadPoolTaskExecutor  : Initializing ExecutorService 'applicationTaskExecutor'
2020-03-08 13:56:24.024  INFO 15776 --- [    Test worker] c.k.R.RecordManagerApplicationTests      : Started RecordManagerApplicationTests in 1.877 seconds (JVM running for 3.941)
]]></system-out>
  <system-err><![CDATA[]]></system-err>
</testsuite>
